[131502.461] ###############################################################################################
[131502.463] #  Itn.    time          dt         CFL#       D#         visc       DilMin        DilMax     #
[131502.463] ###############################################################################################
[131502.464] 0  494200  0.649574E+02  0.375E-04  0.120E+01  0.119E+00  0.200E-05 -0.175798E+05  0.177469E+05
[131935.934] 0  494210  0.649577E+02  0.308E-04  0.120E+01  0.981E-01  0.200E-05 -0.544427E+04  0.346145E+04
[132409.349] 0  494220  0.649581E+02  0.343E-04  0.120E+01  0.109E+00  0.200E-05 -0.528675E+04  0.333395E+04
[132842.651] 0  494230  0.649584E+02  0.345E-04  0.120E+01  0.110E+00  0.200E-05 -0.511655E+04  0.330157E+04
[133315.857] 0  494240  0.649588E+02  0.349E-04  0.120E+01  0.111E+00  0.200E-05 -0.482899E+04  0.342852E+04
[133749.031] 0  494250  0.649591E+02  0.347E-04  0.120E+01  0.110E+00  0.200E-05 -0.469571E+04  0.364235E+04
[134222.308] 0  494260  0.649594E+02  0.331E-04  0.120E+01  0.105E+00  0.200E-05 -0.469333E+04  0.338290E+04
[134655.300] 0  494270  0.649598E+02  0.327E-04  0.120E+01  0.104E+00  0.200E-05 -0.468366E+04  0.345679E+04
[135128.503] 0  494280  0.649601E+02  0.335E-04  0.120E+01  0.107E+00  0.200E-05 -0.479569E+04  0.349508E+04
[135601.508] 0  494290  0.649604E+02  0.342E-04  0.120E+01  0.109E+00  0.200E-05 -0.504167E+04  0.330133E+04
[140034.785] 0  494300  0.649608E+02  0.360E-04  0.120E+01  0.114E+00  0.200E-05 -0.516561E+04  0.350286E+04
[140507.894] 0  494310  0.649612E+02  0.382E-04  0.120E+01  0.121E+00  0.200E-05 -0.500170E+04  0.438436E+04
[140941.262] 0  494320  0.649615E+02  0.356E-04  0.120E+01  0.113E+00  0.200E-05 -0.504798E+04  0.446371E+04
[141414.871] 0  494330  0.649619E+02  0.341E-04  0.120E+01  0.109E+00  0.200E-05 -0.511034E+04  0.364333E+04
[141848.208] 0  494340  0.649622E+02  0.342E-04  0.120E+01  0.109E+00  0.200E-05 -0.516106E+04  0.337384E+04
[142321.647] 0  494350  0.649626E+02  0.363E-04  0.120E+01  0.115E+00  0.200E-05 -0.535968E+04  0.352889E+04
[142754.518] 0  494360  0.649629E+02  0.358E-04  0.120E+01  0.114E+00  0.200E-05 -0.538011E+04  0.351116E+04
[143227.649] 0  494370  0.649633E+02  0.351E-04  0.120E+01  0.112E+00  0.200E-05 -0.537967E+04  0.343548E+04
[143700.747] 0  494380  0.649636E+02  0.350E-04  0.120E+01  0.111E+00  0.200E-05 -0.549809E+04  0.346781E+04
[144133.983] 0  494390  0.649640E+02  0.352E-04  0.120E+01  0.112E+00  0.200E-05 -0.533137E+04  0.334722E+04
[144609.776] 0  494400  0.649643E+02  0.351E-04  0.120E+01  0.112E+00  0.200E-05 -0.510050E+04  0.380522E+04
[145052.348] 0  494410  0.649647E+02  0.332E-04  0.120E+01  0.106E+00  0.200E-05 -0.482051E+04  0.414218E+04
[145525.384] 0  494420  0.649650E+02  0.337E-04  0.120E+01  0.107E+00  0.200E-05 -0.484503E+04  0.398933E+04
[145958.624] 0  494430  0.649653E+02  0.335E-04  0.120E+01  0.107E+00  0.200E-05 -0.484486E+04  0.346857E+04
[150431.288] 0  494440  0.649657E+02  0.349E-04  0.120E+01  0.111E+00  0.200E-05 -0.498050E+04  0.342286E+04
[150904.127] 0  494450  0.649660E+02  0.367E-04  0.120E+01  0.117E+00  0.200E-05 -0.513717E+04  0.338656E+04
[151337.571] 0  494460  0.649664E+02  0.362E-04  0.120E+01  0.115E+00  0.200E-05 -0.518759E+04  0.340424E+04
[151812.076] 0  494470  0.649668E+02  0.364E-04  0.120E+01  0.116E+00  0.200E-05 -0.516973E+04  0.337925E+04
[152245.928] 0  494480  0.649671E+02  0.373E-04  0.120E+01  0.119E+00  0.200E-05 -0.515674E+04  0.338019E+04
[152719.501] 0  494490  0.649675E+02  0.355E-04  0.120E+01  0.113E+00  0.200E-05 -0.497784E+04  0.340523E+04
[153152.200] 0  494500  0.649679E+02  0.340E-04  0.120E+01  0.108E+00  0.200E-05 -0.479509E+04  0.342120E+04
[153625.599] 0  494510  0.649682E+02  0.331E-04  0.120E+01  0.105E+00  0.200E-05 -0.475356E+04  0.337473E+04
[154057.916] 0  494520  0.649685E+02  0.326E-04  0.120E+01  0.104E+00  0.200E-05 -0.477869E+04  0.326785E+04
[154530.944] 0  494530  0.649688E+02  0.327E-04  0.120E+01  0.104E+00  0.200E-05 -0.484106E+04  0.330762E+04
[155003.969] 0  494540  0.649692E+02  0.335E-04  0.120E+01  0.106E+00  0.200E-05 -0.488292E+04  0.343068E+04
[155437.293] 0  494550  0.649695E+02  0.352E-04  0.120E+01  0.112E+00  0.200E-05 -0.495626E+04  0.324204E+04
[155910.355] 0  494560  0.649699E+02  0.372E-04  0.120E+01  0.118E+00  0.200E-05 -0.498535E+04  0.333426E+04
[160343.271] 0  494570  0.649702E+02  0.373E-04  0.120E+01  0.119E+00  0.200E-05 -0.497345E+04  0.328556E+04
[160816.335] 0  494580  0.649706E+02  0.387E-04  0.120E+01  0.123E+00  0.200E-05 -0.520285E+04  0.354774E+04
[161250.546] 0  494590  0.649710E+02  0.372E-04  0.120E+01  0.118E+00  0.200E-05 -0.528817E+04  0.344741E+04
[161725.945] 0  494600  0.649714E+02  0.362E-04  0.120E+01  0.115E+00  0.200E-05 -0.506683E+04  0.373255E+04
[162207.746] 0  494610  0.649717E+02  0.357E-04  0.120E+01  0.114E+00  0.200E-05 -0.506108E+04  0.460694E+04
[162640.753] 0  494620  0.649721E+02  0.353E-04  0.120E+01  0.112E+00  0.200E-05 -0.517379E+04  0.506658E+04
[163113.732] 0  494630  0.649724E+02  0.351E-04  0.120E+01  0.112E+00  0.200E-05 -0.496381E+04  0.521947E+04
[163546.994] 0  494640  0.649728E+02  0.350E-04  0.120E+01  0.111E+00  0.200E-05 -0.498554E+04  0.491171E+04
[164019.756] 0  494650  0.649731E+02  0.350E-04  0.120E+01  0.111E+00  0.200E-05 -0.493825E+04  0.523771E+04
[164452.934] 0  494660  0.649735E+02  0.351E-04  0.120E+01  0.112E+00  0.200E-05 -0.493385E+04  0.535279E+04
[164926.188] 0  494670  0.649738E+02  0.355E-04  0.120E+01  0.113E+00  0.200E-05 -0.517818E+04  0.493411E+04
[165359.458] 0  494680  0.649742E+02  0.360E-04  0.120E+01  0.114E+00  0.200E-05 -0.532474E+04  0.566566E+04
[165832.842] 0  494690  0.649746E+02  0.357E-04  0.120E+01  0.113E+00  0.200E-05 -0.530173E+04  0.571483E+04
[170305.697] 0  494700  0.649749E+02  0.336E-04  0.120E+01  0.107E+00  0.200E-05 -0.509665E+04  0.503602E+04
[170739.015] 0  494710  0.649752E+02  0.335E-04  0.120E+01  0.106E+00  0.200E-05 -0.497631E+04  0.453110E+04
[171212.152] 0  494720  0.649756E+02  0.343E-04  0.120E+01  0.109E+00  0.200E-05 -0.489703E+04  0.427990E+04
[171645.008] 0  494730  0.649759E+02  0.361E-04  0.120E+01  0.115E+00  0.200E-05 -0.485155E+04  0.391568E+04
[172118.304] 0  494740  0.649763E+02  0.361E-04  0.120E+01  0.115E+00  0.200E-05 -0.489429E+04  0.333255E+04
[172551.699] 0  494750  0.649767E+02  0.360E-04  0.120E+01  0.115E+00  0.200E-05 -0.487964E+04  0.334722E+04
[173024.911] 0  494760  0.649770E+02  0.352E-04  0.120E+01  0.112E+00  0.200E-05 -0.480419E+04  0.307211E+04
[173458.377] 0  494770  0.649774E+02  0.355E-04  0.120E+01  0.113E+00  0.200E-05 -0.473691E+04  0.303046E+04
[173931.220] 0  494780  0.649777E+02  0.363E-04  0.120E+01  0.116E+00  0.200E-05 -0.463106E+04  0.301442E+04
[174403.839] 0  494790  0.649781E+02  0.363E-04  0.120E+01  0.115E+00  0.200E-05 -0.470678E+04  0.306533E+04
[174839.973] 0  494800  0.649784E+02  0.371E-04  0.120E+01  0.118E+00  0.200E-05 -0.477961E+04  0.315156E+04
[175322.118] 0  494810  0.649788E+02  0.341E-04  0.120E+01  0.108E+00  0.200E-05 -0.479071E+04  0.316489E+04
[175755.324] 0  494820  0.649791E+02  0.343E-04  0.120E+01  0.109E+00  0.200E-05 -0.490840E+04  0.310636E+04
[180228.753] 0  494830  0.649795E+02  0.352E-04  0.120E+01  0.112E+00  0.200E-05 -0.507663E+04  0.316038E+04
[180702.318] 0  494840  0.649798E+02  0.355E-04  0.120E+01  0.113E+00  0.200E-05 -0.521634E+04  0.393885E+04
[181135.232] 0  494850  0.649802E+02  0.357E-04  0.120E+01  0.114E+00  0.200E-05 -0.515115E+04  0.467780E+04
[181608.604] 0  494860  0.649806E+02  0.367E-04  0.120E+01  0.117E+00  0.200E-05 -0.502499E+04  0.497562E+04
[182041.973] 0  494870  0.649809E+02  0.344E-04  0.120E+01  0.109E+00  0.200E-05 -0.493447E+04  0.434646E+04
[182515.318] 0  494880  0.649813E+02  0.344E-04  0.120E+01  0.109E+00  0.200E-05 -0.504395E+04  0.342153E+04
[182948.620] 0  494890  0.649816E+02  0.363E-04  0.120E+01  0.116E+00  0.200E-05 -0.521197E+04  0.325710E+04
[183421.414] 0  494900  0.649820E+02  0.381E-04  0.120E+01  0.121E+00  0.200E-05 -0.534805E+04  0.365962E+04
[183854.628] 0  494910  0.649824E+02  0.387E-04  0.120E+01  0.123E+00  0.200E-05 -0.543096E+04  0.375908E+04
[184327.818] 0  494920  0.649828E+02  0.371E-04  0.120E+01  0.118E+00  0.200E-05 -0.541443E+04  0.393177E+04
[184800.926] 0  494930  0.649831E+02  0.359E-04  0.120E+01  0.114E+00  0.200E-05 -0.545215E+04  0.367466E+04
[185234.101] 0  494940  0.649835E+02  0.360E-04  0.120E+01  0.114E+00  0.200E-05 -0.528915E+04  0.347635E+04
[185707.123] 0  494950  0.649838E+02  0.370E-04  0.120E+01  0.118E+00  0.200E-05 -0.499857E+04  0.371662E+04
[190140.828] 0  494960  0.649842E+02  0.380E-04  0.120E+01  0.121E+00  0.200E-05 -0.493732E+04  0.457921E+04
[190614.014] 0  494970  0.649846E+02  0.373E-04  0.120E+01  0.119E+00  0.200E-05 -0.537015E+04  0.501229E+04
[191047.281] 0  494980  0.649850E+02  0.373E-04  0.120E+01  0.119E+00  0.200E-05 -0.519719E+04  0.466988E+04
[191520.002] 0  494990  0.649853E+02  0.375E-04  0.120E+01  0.119E+00  0.200E-05 -0.518235E+04  0.390123E+04
[191955.254] 0  495000  0.649857E+02  0.368E-04  0.120E+01  0.117E+00  0.200E-05 -0.519145E+04  0.331323E+04
[192437.205] 0  495010  0.649861E+02  0.360E-04  0.120E+01  0.115E+00  0.200E-05 -0.537118E+04  0.348326E+04
[192910.493] 0  495020  0.649864E+02  0.373E-04  0.120E+01  0.119E+00  0.200E-05 -0.546021E+04  0.366705E+04
[193343.316] 0  495030  0.649868E+02  0.363E-04  0.120E+01  0.116E+00  0.200E-05 -0.538339E+04  0.368961E+04
[193815.925] 0  495040  0.649872E+02  0.361E-04  0.120E+01  0.115E+00  0.200E-05 -0.526031E+04  0.356346E+04
[194249.303] 0  495050  0.649875E+02  0.369E-04  0.120E+01  0.117E+00  0.200E-05 -0.522423E+04  0.364438E+04
[194722.014] 0  495060  0.649879E+02  0.368E-04  0.120E+01  0.117E+00  0.200E-05 -0.526951E+04  0.378741E+04
[195155.226] 0  495070  0.649883E+02  0.359E-04  0.120E+01  0.114E+00  0.200E-05 -0.525057E+04  0.380766E+04
[195628.464] 0  495080  0.649886E+02  0.357E-04  0.120E+01  0.113E+00  0.200E-05 -0.531058E+04  0.384058E+04
[200101.388] 0  495090  0.649890E+02  0.379E-04  0.120E+01  0.121E+00  0.200E-05 -0.545773E+04  0.395029E+04
[200534.344] 0  495100  0.649894E+02  0.376E-04  0.120E+01  0.120E+00  0.200E-05 -0.546731E+04  0.393267E+04
[201007.438] 0  495110  0.649897E+02  0.370E-04  0.120E+01  0.118E+00  0.200E-05 -0.534368E+04  0.381199E+04
[201441.062] 0  495120  0.649901E+02  0.364E-04  0.120E+01  0.116E+00  0.200E-05 -0.517568E+04  0.365665E+04
[201914.532] 0  495130  0.649905E+02  0.365E-04  0.120E+01  0.116E+00  0.200E-05 -0.507216E+04  0.352044E+04
[202347.631] 0  495140  0.649908E+02  0.371E-04  0.120E+01  0.118E+00  0.200E-05 -0.488386E+04  0.340018E+04
[202820.869] 0  495150  0.649912E+02  0.373E-04  0.120E+01  0.119E+00  0.200E-05 -0.498858E+04  0.331028E+04
[203253.953] 0  495160  0.649916E+02  0.362E-04  0.120E+01  0.115E+00  0.200E-05 -0.505034E+04  0.328038E+04
[203727.445] 0  495170  0.649920E+02  0.388E-04  0.120E+01  0.123E+00  0.200E-05 -0.540651E+04  0.339843E+04
[204200.530] 0  495180  0.649923E+02  0.375E-04  0.120E+01  0.119E+00  0.200E-05 -0.531225E+04  0.333253E+04
[204633.797] 0  495190  0.649927E+02  0.370E-04  0.120E+01  0.118E+00  0.200E-05 -0.501054E+04  0.325544E+04
[205108.556] 0  495200  0.649931E+02  0.382E-04  0.120E+01  0.121E+00  0.200E-05 -0.498524E+04  0.324252E+04
[205623.708] 0  495210  0.649935E+02  0.370E-04  0.120E+01  0.118E+00  0.200E-05 -0.493861E+04  0.317924E+04
[210056.812] 0  495220  0.649938E+02  0.366E-04  0.120E+01  0.117E+00  0.200E-05 -0.525595E+04  0.334569E+04
[210529.716] 0  495230  0.649942E+02  0.383E-04  0.120E+01  0.122E+00  0.200E-05 -0.561280E+04  0.361981E+04
[211002.646] 0  495240  0.649946E+02  0.390E-04  0.120E+01  0.124E+00  0.200E-05 -0.551286E+04  0.367225E+04
[211435.666] 0  495250  0.649950E+02  0.396E-04  0.120E+01  0.126E+00  0.200E-05 -0.538432E+04  0.372211E+04
[211908.473] 0  495260  0.649954E+02  0.397E-04  0.120E+01  0.126E+00  0.200E-05 -0.530245E+04  0.368995E+04
[212341.227] 0  495270  0.649958E+02  0.372E-04  0.120E+01  0.118E+00  0.200E-05 -0.514112E+04  0.355958E+04
[212814.384] 0  495280  0.649961E+02  0.370E-04  0.120E+01  0.118E+00  0.200E-05 -0.518373E+04  0.354518E+04
[213247.826] 0  495290  0.649965E+02  0.369E-04  0.120E+01  0.117E+00  0.200E-05 -0.509952E+04  0.344775E+04
[213720.925] 0  495300  0.649969E+02  0.360E-04  0.120E+01  0.114E+00  0.200E-05 -0.484205E+04  0.321686E+04
[214154.161] 0  495310  0.649972E+02  0.371E-04  0.120E+01  0.118E+00  0.200E-05 -0.470894E+04  0.310264E+04
[214627.433] 0  495320  0.649976E+02  0.363E-04  0.120E+01  0.115E+00  0.200E-05 -0.479464E+04  0.319072E+04
[215100.403] 0  495330  0.649980E+02  0.348E-04  0.120E+01  0.111E+00  0.200E-05 -0.498307E+04  0.339566E+04
[215532.967] 0  495340  0.649983E+02  0.346E-04  0.120E+01  0.110E+00  0.200E-05 -0.486621E+04  0.327861E+04
[220006.139] 0  495350  0.649987E+02  0.355E-04  0.120E+01  0.113E+00  0.200E-05 -0.494314E+04  0.330417E+04
[220439.221] 0  495360  0.649990E+02  0.333E-04  0.120E+01  0.106E+00  0.200E-05 -0.478090E+04  0.323590E+04
[220912.177] 0  495370  0.649993E+02  0.321E-04  0.120E+01  0.102E+00  0.200E-05 -0.456830E+04  0.308955E+04
[221345.400] 0  495380  0.649997E+02  0.323E-04  0.120E+01  0.103E+00  0.200E-05 -0.446062E+04  0.309825E+04
[221818.236] 0  495390  0.650000E+02  0.339E-04  0.120E+01  0.108E+00  0.200E-05 -0.452723E+04  0.304525E+04
[222254.210] 0  495400  0.650003E+02  0.342E-04  0.120E+01  0.109E+00  0.200E-05 -0.465445E+04  0.341147E+04
[222736.216] 0  495410  0.650007E+02  0.344E-04  0.120E+01  0.109E+00  0.200E-05 -0.466107E+04  0.332756E+04
[223209.371] 0  495420  0.650010E+02  0.357E-04  0.120E+01  0.114E+00  0.200E-05 -0.486110E+04  0.333999E+04
[223642.370] 0  495430  0.650014E+02  0.376E-04  0.120E+01  0.120E+00  0.200E-05 -0.515581E+04  0.341612E+04
[224115.493] 0  495440  0.650018E+02  0.389E-04  0.120E+01  0.124E+00  0.200E-05 -0.543482E+04  0.349672E+04
[224548.443] 0  495450  0.650022E+02  0.388E-04  0.120E+01  0.123E+00  0.200E-05 -0.516574E+04  0.348579E+04
[225021.419] 0  495460  0.650025E+02  0.390E-04  0.120E+01  0.124E+00  0.200E-05 -0.482604E+04  0.341227E+04
[225454.747] 0  495470  0.650029E+02  0.365E-04  0.120E+01  0.116E+00  0.200E-05 -0.495217E+04  0.325839E+04
[225928.203] 0  495480  0.650033E+02  0.346E-04  0.120E+01  0.110E+00  0.200E-05 -0.494398E+04  0.326436E+04
[230401.217] 0  495490  0.650036E+02  0.337E-04  0.120E+01  0.107E+00  0.200E-05 -0.472921E+04  0.344128E+04
[230834.754] 0  495500  0.650040E+02  0.344E-04  0.120E+01  0.109E+00  0.200E-05 -0.519750E+04  0.329774E+04
[231307.313] 0  495510  0.650043E+02  0.352E-04  0.120E+01  0.112E+00  0.200E-05 -0.537163E+04  0.336298E+04
[231740.731] 0  495520  0.650047E+02  0.350E-04  0.120E+01  0.111E+00  0.200E-05 -0.533045E+04  0.332429E+04
[232213.848] 0  495530  0.650050E+02  0.355E-04  0.120E+01  0.113E+00  0.200E-05 -0.528662E+04  0.331835E+04
[232647.222] 0  495540  0.650054E+02  0.367E-04  0.120E+01  0.117E+00  0.200E-05 -0.524044E+04  0.316684E+04
[233120.471] 0  495550  0.650057E+02  0.355E-04  0.120E+01  0.113E+00  0.200E-05 -0.525010E+04  0.320280E+04
[233553.499] 0  495560  0.650061E+02  0.343E-04  0.120E+01  0.109E+00  0.200E-05 -0.516463E+04  0.308744E+04
[234026.777] 0  495570  0.650064E+02  0.333E-04  0.120E+01  0.106E+00  0.200E-05 -0.503487E+04  0.303804E+04
[234500.045] 0  495580  0.650068E+02  0.332E-04  0.120E+01  0.106E+00  0.200E-05 -0.491613E+04  0.298745E+04
[234933.341] 0  495590  0.650071E+02  0.337E-04  0.120E+01  0.107E+00  0.200E-05 -0.481986E+04  0.300491E+04
[235408.820] 0  495600  0.650074E+02  0.340E-04  0.120E+01  0.108E+00  0.200E-05 -0.469887E+04  0.303839E+04
[235851.204] 0  495610  0.650078E+02  0.344E-04  0.120E+01  0.109E+00  0.200E-05 -0.480417E+04  0.300823E+04
[000324.170] 0  495620  0.650081E+02  0.352E-04  0.120E+01  0.112E+00  0.200E-05 -0.494048E+04  0.299518E+04
[000757.180] 0  495630  0.650085E+02  0.359E-04  0.120E+01  0.114E+00  0.200E-05 -0.511193E+04  0.325641E+04
[001230.444] 0  495640  0.650088E+02  0.344E-04  0.120E+01  0.110E+00  0.200E-05 -0.507739E+04  0.342417E+04
[001703.517] 0  495650  0.650092E+02  0.338E-04  0.120E+01  0.107E+00  0.200E-05 -0.511767E+04  0.364652E+04
[002136.612] 0  495660  0.650095E+02  0.333E-04  0.120E+01  0.106E+00  0.200E-05 -0.518480E+04  0.377743E+04
[002609.097] 0  495670  0.650098E+02  0.330E-04  0.120E+01  0.105E+00  0.200E-05 -0.492380E+04  0.376317E+04
[003041.938] 0  495680  0.650102E+02  0.325E-04  0.120E+01  0.103E+00  0.200E-05 -0.467422E+04  0.360071E+04
[003514.877] 0  495690  0.650105E+02  0.328E-04  0.120E+01  0.104E+00  0.200E-05 -0.493005E+04  0.335831E+04
[003947.903] 0  495700  0.650108E+02  0.355E-04  0.120E+01  0.113E+00  0.200E-05 -0.535122E+04  0.345432E+04
[004421.110] 0  495710  0.650112E+02  0.349E-04  0.120E+01  0.111E+00  0.200E-05 -0.536101E+04  0.420762E+04
[004854.417] 0  495720  0.650115E+02  0.350E-04  0.120E+01  0.111E+00  0.200E-05 -0.528078E+04  0.459464E+04
[005327.698] 0  495730  0.650119E+02  0.354E-04  0.120E+01  0.113E+00  0.200E-05 -0.500725E+04  0.441631E+04
[005800.989] 0  495740  0.650122E+02  0.363E-04  0.120E+01  0.115E+00  0.200E-05 -0.508145E+04  0.381909E+04
[010234.617] 0  495750  0.650126E+02  0.374E-04  0.120E+01  0.119E+00  0.200E-05 -0.530518E+04  0.361577E+04
[010708.412] 0  495760  0.650130E+02  0.382E-04  0.120E+01  0.122E+00  0.200E-05 -0.546992E+04  0.348897E+04
[011141.571] 0  495770  0.650134E+02  0.384E-04  0.120E+01  0.122E+00  0.200E-05 -0.533721E+04  0.352224E+04
[011614.327] 0  495780  0.650137E+02  0.377E-04  0.120E+01  0.120E+00  0.200E-05 -0.543106E+04  0.352663E+04
[012046.824] 0  495790  0.650141E+02  0.341E-04  0.120E+01  0.108E+00  0.200E-05 -0.527584E+04  0.339308E+04
[012522.938] 0  495800  0.650144E+02  0.341E-04  0.120E+01  0.108E+00  0.200E-05 -0.540305E+04  0.345499E+04
[013004.537] 0  495810  0.650148E+02  0.373E-04  0.120E+01  0.119E+00  0.200E-05 -0.548780E+04  0.365616E+04
[013437.423] 0  495820  0.650152E+02  0.375E-04  0.120E+01  0.119E+00  0.200E-05 -0.547529E+04  0.406111E+04
[013910.579] 0  495830  0.650156E+02  0.364E-04  0.120E+01  0.116E+00  0.200E-05 -0.532751E+04  0.392162E+04
[014343.435] 0  495840  0.650159E+02  0.345E-04  0.120E+01  0.110E+00  0.200E-05 -0.530768E+04  0.378575E+04
[014816.342] 0  495850  0.650162E+02  0.337E-04  0.120E+01  0.107E+00  0.200E-05 -0.499743E+04  0.376292E+04
[015249.182] 0  495860  0.650166E+02  0.341E-04  0.120E+01  0.109E+00  0.200E-05 -0.500953E+04  0.361673E+04
[015722.146] 0  495870  0.650169E+02  0.345E-04  0.120E+01  0.110E+00  0.200E-05 -0.512099E+04  0.336688E+04
[020155.325] 0  495880  0.650173E+02  0.352E-04  0.120E+01  0.112E+00  0.200E-05 -0.523584E+04  0.347339E+04
[020629.557] 0  495890  0.650176E+02  0.330E-04  0.120E+01  0.105E+00  0.200E-05 -0.509554E+04  0.341258E+04
[021102.320] 0  495900  0.650179E+02  0.322E-04  0.120E+01  0.102E+00  0.200E-05 -0.503136E+04  0.329631E+04
[021535.608] 0  495910  0.650183E+02  0.357E-04  0.120E+01  0.113E+00  0.200E-05 -0.515820E+04  0.332180E+04
[022009.466] 0  495920  0.650186E+02  0.381E-04  0.120E+01  0.121E+00  0.200E-05 -0.550239E+04  0.455925E+04
[022442.375] 0  495930  0.650190E+02  0.386E-04  0.120E+01  0.123E+00  0.200E-05 -0.558124E+04  0.549953E+04
[022915.626] 0  495940  0.650194E+02  0.390E-04  0.120E+01  0.124E+00  0.200E-05 -0.551214E+04  0.505315E+04
[023349.247] 0  495950  0.650198E+02  0.371E-04  0.120E+01  0.118E+00  0.200E-05 -0.534914E+04  0.412825E+04
[023822.372] 0  495960  0.650202E+02  0.369E-04  0.120E+01  0.117E+00  0.200E-05 -0.531999E+04  0.488384E+04
[024256.328] 0  495970  0.650205E+02  0.374E-04  0.120E+01  0.119E+00  0.200E-05 -0.532405E+04  0.493978E+04
[024729.669] 0  495980  0.650209E+02  0.382E-04  0.120E+01  0.121E+00  0.200E-05 -0.541441E+04  0.483153E+04
[025202.912] 0  495990  0.650213E+02  0.381E-04  0.120E+01  0.121E+00  0.200E-05 -0.550168E+04  0.431513E+04
[025639.038] 0  496000  0.650217E+02  0.367E-04  0.120E+01  0.117E+00  0.200E-05 -0.527258E+04  0.381735E+04
[030120.810] 0  496010  0.650220E+02  0.361E-04  0.120E+01  0.115E+00  0.200E-05 -0.531325E+04  0.356297E+04
[030553.993] 0  496020  0.650224E+02  0.366E-04  0.120E+01  0.117E+00  0.200E-05 -0.531879E+04  0.342650E+04
[031027.139] 0  496030  0.650228E+02  0.376E-04  0.120E+01  0.120E+00  0.200E-05 -0.514171E+04  0.366463E+04
[031500.334] 0  496040  0.650231E+02  0.372E-04  0.120E+01  0.118E+00  0.200E-05 -0.511375E+04  0.353568E+04
[031933.744] 0  496050  0.650235E+02  0.368E-04  0.120E+01  0.117E+00  0.200E-05 -0.539116E+04  0.358333E+04
[032406.797] 0  496060  0.650239E+02  0.365E-04  0.120E+01  0.116E+00  0.200E-05 -0.561423E+04  0.382617E+04
[032839.744] 0  496070  0.650242E+02  0.363E-04  0.120E+01  0.116E+00  0.200E-05 -0.499807E+04  0.393875E+04
[033312.847] 0  496080  0.650246E+02  0.361E-04  0.120E+01  0.115E+00  0.200E-05 -0.468091E+04  0.367394E+04
[033746.271] 0  496090  0.650250E+02  0.356E-04  0.120E+01  0.113E+00  0.200E-05 -0.476766E+04  0.356543E+04
[034219.235] 0  496100  0.650253E+02  0.351E-04  0.120E+01  0.112E+00  0.200E-05 -0.481193E+04  0.382088E+04
[034652.430] 0  496110  0.650257E+02  0.349E-04  0.120E+01  0.111E+00  0.200E-05 -0.482468E+04  0.368748E+04
[035125.696] 0  496120  0.650260E+02  0.352E-04  0.120E+01  0.112E+00  0.200E-05 -0.490679E+04  0.343237E+04
[035559.021] 0  496130  0.650264E+02  0.359E-04  0.120E+01  0.114E+00  0.200E-05 -0.511993E+04  0.323744E+04
[040032.115] 0  496140  0.650267E+02  0.366E-04  0.120E+01  0.117E+00  0.200E-05 -0.501946E+04  0.328915E+04
[040505.504] 0  496150  0.650271E+02  0.370E-04  0.120E+01  0.118E+00  0.200E-05 -0.481070E+04  0.314199E+04
[040939.078] 0  496160  0.650275E+02  0.386E-04  0.120E+01  0.123E+00  0.200E-05 -0.493149E+04  0.320205E+04
[041412.216] 0  496170  0.650279E+02  0.392E-04  0.120E+01  0.125E+00  0.200E-05 -0.505452E+04  0.327481E+04
[041844.940] 0  496180  0.650283E+02  0.361E-04  0.120E+01  0.115E+00  0.200E-05 -0.503332E+04  0.328876E+04
[042317.928] 0  496190  0.650286E+02  0.336E-04  0.120E+01  0.107E+00  0.200E-05 -0.511321E+04  0.328850E+04
[042757.579] 0  496200  0.650289E+02  0.331E-04  0.120E+01  0.105E+00  0.200E-05 -0.518115E+04  0.330105E+04
[043312.134] 0  496210  0.650293E+02  0.339E-04  0.120E+01  0.108E+00  0.200E-05 -0.507413E+04  0.323224E+04
[043744.732] 0  496220  0.650296E+02  0.352E-04  0.120E+01  0.112E+00  0.200E-05 -0.522472E+04  0.340804E+04
[044217.623] 0  496230  0.650300E+02  0.340E-04  0.120E+01  0.108E+00  0.200E-05 -0.518009E+04  0.474039E+04
[044650.572] 0  496240  0.650303E+02  0.326E-04  0.120E+01  0.104E+00  0.200E-05 -0.492135E+04  0.517907E+04
[045123.346] 0  496250  0.650306E+02  0.332E-04  0.120E+01  0.105E+00  0.200E-05 -0.521581E+04  0.494194E+04
[045556.762] 0  496260  0.650310E+02  0.335E-04  0.120E+01  0.106E+00  0.200E-05 -0.525378E+04  0.432223E+04
[050029.546] 0  496270  0.650313E+02  0.334E-04  0.120E+01  0.106E+00  0.200E-05 -0.495455E+04  0.348602E+04
[050502.718] 0  496280  0.650316E+02  0.335E-04  0.120E+01  0.107E+00  0.200E-05 -0.481942E+04  0.312576E+04
[050935.474] 0  496290  0.650320E+02  0.338E-04  0.120E+01  0.108E+00  0.200E-05 -0.489618E+04  0.300178E+04
[051408.706] 0  496300  0.650323E+02  0.345E-04  0.120E+01  0.110E+00  0.200E-05 -0.494487E+04  0.334516E+04
[051841.857] 0  496310  0.650327E+02  0.355E-04  0.120E+01  0.113E+00  0.200E-05 -0.496602E+04  0.326165E+04
[052314.946] 0  496320  0.650330E+02  0.359E-04  0.120E+01  0.114E+00  0.200E-05 -0.499663E+04  0.331657E+04
[052747.885] 0  496330  0.650334E+02  0.348E-04  0.120E+01  0.111E+00  0.200E-05 -0.503930E+04  0.332113E+04
[053220.532] 0  496340  0.650337E+02  0.352E-04  0.120E+01  0.112E+00  0.200E-05 -0.517846E+04  0.340890E+04
[053653.473] 0  496350  0.650341E+02  0.349E-04  0.120E+01  0.111E+00  0.200E-05 -0.522477E+04  0.343300E+04
[054126.745] 0  496360  0.650344E+02  0.345E-04  0.120E+01  0.110E+00  0.200E-05 -0.521367E+04  0.350905E+04
[054600.159] 0  496370  0.650348E+02  0.334E-04  0.120E+01  0.106E+00  0.200E-05 -0.510355E+04  0.334102E+04
[055033.125] 0  496380  0.650351E+02  0.330E-04  0.120E+01  0.105E+00  0.200E-05 -0.498812E+04  0.392137E+04
[055505.837] 0  496390  0.650354E+02  0.334E-04  0.120E+01  0.106E+00  0.200E-05 -0.486159E+04  0.732415E+04
[055941.626] 0  496400  0.650358E+02  0.350E-04  0.120E+01  0.111E+00  0.200E-05 -0.482361E+04  0.491521E+04
[060423.884] 0  496410  0.650361E+02  0.353E-04  0.120E+01  0.112E+00  0.200E-05 -0.501647E+04  0.400193E+04
[060856.781] 0  496420  0.650365E+02  0.357E-04  0.120E+01  0.113E+00  0.200E-05 -0.478975E+04  0.395795E+04
[061330.097] 0  496430  0.650368E+02  0.368E-04  0.120E+01  0.117E+00  0.200E-05 -0.490444E+04  0.394932E+04
[061803.291] 0  496440  0.650372E+02  0.372E-04  0.120E+01  0.118E+00  0.200E-05 -0.519943E+04  0.438175E+04
[062235.901] 0  496450  0.650376E+02  0.363E-04  0.120E+01  0.115E+00  0.200E-05 -0.527935E+04  0.444452E+04
[062708.586] 0  496460  0.650379E+02  0.358E-04  0.120E+01  0.114E+00  0.200E-05 -0.512804E+04  0.412928E+04
[063141.568] 0  496470  0.650383E+02  0.361E-04  0.120E+01  0.115E+00  0.200E-05 -0.504308E+04  0.370227E+04
[063614.603] 0  496480  0.650386E+02  0.368E-04  0.120E+01  0.117E+00  0.200E-05 -0.507190E+04  0.356471E+04
[064048.070] 0  496490  0.650390E+02  0.379E-04  0.120E+01  0.121E+00  0.200E-05 -0.556970E+04  0.384384E+04
[064521.430] 0  496500  0.650394E+02  0.369E-04  0.120E+01  0.117E+00  0.200E-05 -0.561012E+04  0.384839E+04
[064955.055] 0  496510  0.650398E+02  0.361E-04  0.120E+01  0.115E+00  0.200E-05 -0.574764E+04  0.389676E+04
[065427.879] 0  496520  0.650401E+02  0.373E-04  0.120E+01  0.119E+00  0.200E-05 -0.607823E+04  0.411396E+04
[065901.202] 0  496530  0.650405E+02  0.366E-04  0.120E+01  0.116E+00  0.200E-05 -0.602944E+04  0.405557E+04
[070334.265] 0  496540  0.650409E+02  0.365E-04  0.120E+01  0.116E+00  0.200E-05 -0.582543E+04  0.388008E+04
[070807.935] 0  496550  0.650412E+02  0.371E-04  0.120E+01  0.118E+00  0.200E-05 -0.560807E+04  0.371783E+04
[071241.518] 0  496560  0.650416E+02  0.342E-04  0.120E+01  0.109E+00  0.200E-05 -0.550639E+04  0.359163E+04
[071714.495] 0  496570  0.650419E+02  0.335E-04  0.120E+01  0.107E+00  0.200E-05 -0.529157E+04  0.330562E+04
[072147.576] 0  496580  0.650423E+02  0.346E-04  0.120E+01  0.110E+00  0.200E-05 -0.513582E+04  0.344280E+04
[072620.601] 0  496590  0.650426E+02  0.356E-04  0.120E+01  0.113E+00  0.200E-05 -0.553893E+04  0.357040E+04
[073117.891] 0  496600  0.650430E+02  0.358E-04  0.120E+01  0.114E+00  0.200E-05 -0.576142E+04  0.357854E+04
[073559.872] 0  496610  0.650433E+02  0.347E-04  0.120E+01  0.110E+00  0.200E-05 -0.560985E+04  0.340976E+04
[074032.664] 0  496620  0.650437E+02  0.350E-04  0.120E+01  0.111E+00  0.200E-05 -0.527489E+04  0.397381E+04
[074505.618] 0  496630  0.650440E+02  0.356E-04  0.120E+01  0.113E+00  0.200E-05 -0.525879E+04  0.429494E+04
[074938.596] 0  496640  0.650444E+02  0.332E-04  0.120E+01  0.106E+00  0.200E-05 -0.559311E+04  0.399841E+04
[075411.576] 0  496650  0.650447E+02  0.325E-04  0.120E+01  0.103E+00  0.200E-05 -0.542485E+04  0.393178E+04
[075844.259] 0  496660  0.650450E+02  0.332E-04  0.120E+01  0.106E+00  0.200E-05 -0.508285E+04  0.328349E+04
[080317.773] 0  496670  0.650454E+02  0.344E-04  0.120E+01  0.110E+00  0.200E-05 -0.482317E+04  0.341204E+04
[080750.807] 0  496680  0.650457E+02  0.366E-04  0.120E+01  0.116E+00  0.200E-05 -0.501470E+04  0.349147E+04
[081224.259] 0  496690  0.650461E+02  0.345E-04  0.120E+01  0.110E+00  0.200E-05 -0.511545E+04  0.375366E+04
[081657.574] 0  496700  0.650464E+02  0.344E-04  0.120E+01  0.109E+00  0.200E-05 -0.503929E+04  0.425159E+04
[082131.118] 0  496710  0.650468E+02  0.357E-04  0.120E+01  0.113E+00  0.200E-05 -0.540090E+04  0.428346E+04
[082604.614] 0  496720  0.650471E+02  0.363E-04  0.120E+01  0.115E+00  0.200E-05 -0.556986E+04  0.409349E+04
[083037.810] 0  496730  0.650475E+02  0.358E-04  0.120E+01  0.114E+00  0.200E-05 -0.552823E+04  0.381901E+04
[083511.153] 0  496740  0.650478E+02  0.360E-04  0.120E+01  0.115E+00  0.200E-05 -0.531323E+04  0.350263E+04
[083944.194] 0  496750  0.650482E+02  0.357E-04  0.120E+01  0.113E+00  0.200E-05 -0.507581E+04  0.352998E+04
[084418.220] 0  496760  0.650486E+02  0.360E-04  0.120E+01  0.115E+00  0.200E-05 -0.497556E+04  0.389583E+04
[084851.840] 0  496770  0.650489E+02  0.373E-04  0.120E+01  0.118E+00  0.200E-05 -0.492290E+04  0.354622E+04
[085324.903] 0  496780  0.650493E+02  0.378E-04  0.120E+01  0.120E+00  0.200E-05 -0.489862E+04  0.324713E+04
[085758.118] 0  496790  0.650497E+02  0.376E-04  0.120E+01  0.120E+00  0.200E-05 -0.526813E+04  0.339327E+04
[090234.014] 0  496800  0.650501E+02  0.366E-04  0.120E+01  0.116E+00  0.200E-05 -0.525787E+04  0.335696E+04
[090716.227] 0  496810  0.650504E+02  0.368E-04  0.120E+01  0.117E+00  0.200E-05 -0.564840E+04  0.421571E+04
[091149.665] 0  496820  0.650508E+02  0.378E-04  0.120E+01  0.120E+00  0.200E-05 -0.573459E+04  0.414070E+04
[091622.504] 0  496830  0.650512E+02  0.384E-04  0.120E+01  0.122E+00  0.200E-05 -0.572248E+04  0.424139E+04
[092055.448] 0  496840  0.650516E+02  0.384E-04  0.120E+01  0.122E+00  0.200E-05 -0.567474E+04  0.367591E+04
[092528.393] 0  496850  0.650519E+02  0.378E-04  0.120E+01  0.120E+00  0.200E-05 -0.551238E+04  0.404844E+04
[093001.476] 0  496860  0.650523E+02  0.364E-04  0.120E+01  0.116E+00  0.200E-05 -0.523419E+04  0.371558E+04
[093434.513] 0  496870  0.650527E+02  0.347E-04  0.120E+01  0.110E+00  0.200E-05 -0.507065E+04  0.387398E+04
[093907.994] 0  496880  0.650530E+02  0.349E-04  0.120E+01  0.111E+00  0.200E-05 -0.480359E+04  0.406816E+04
[094340.957] 0  496890  0.650534E+02  0.365E-04  0.120E+01  0.116E+00  0.200E-05 -0.496747E+04  0.426639E+04
[094813.997] 0  496900  0.650537E+02  0.352E-04  0.120E+01  0.112E+00  0.200E-05 -0.520415E+04  0.419945E+04
[095247.104] 0  496910  0.650541E+02  0.353E-04  0.120E+01  0.112E+00  0.200E-05 -0.526697E+04  0.381682E+04
[095720.583] 0  496920  0.650544E+02  0.348E-04  0.120E+01  0.111E+00  0.200E-05 -0.524149E+04  0.349615E+04
[100154.266] 0  496930  0.650548E+02  0.344E-04  0.120E+01  0.109E+00  0.200E-05 -0.527497E+04  0.347952E+04
[100627.257] 0  496940  0.650551E+02  0.340E-04  0.120E+01  0.108E+00  0.200E-05 -0.527122E+04  0.344538E+04
[101100.145] 0  496950  0.650555E+02  0.340E-04  0.120E+01  0.108E+00  0.200E-05 -0.522867E+04  0.353862E+04
[101533.178] 0  496960  0.650558E+02  0.341E-04  0.120E+01  0.108E+00  0.200E-05 -0.509380E+04  0.358063E+04
[102006.268] 0  496970  0.650561E+02  0.347E-04  0.120E+01  0.110E+00  0.200E-05 -0.486051E+04  0.338897E+04
[102439.284] 0  496980  0.650565E+02  0.356E-04  0.120E+01  0.113E+00  0.200E-05 -0.513245E+04  0.340131E+04
[102912.475] 0  496990  0.650568E+02  0.354E-04  0.120E+01  0.112E+00  0.200E-05 -0.509470E+04  0.327261E+04
[103404.559] 0  497000  0.650572E+02  0.349E-04  0.120E+01  0.111E+00  0.200E-05 -0.513503E+04  0.386450E+04
[103846.410] 0  497010  0.650575E+02  0.351E-04  0.120E+01  0.112E+00  0.200E-05 -0.533823E+04  0.417839E+04
[104319.422] 0  497020  0.650579E+02  0.365E-04  0.120E+01  0.116E+00  0.200E-05 -0.550730E+04  0.396792E+04
[104752.125] 0  497030  0.650583E+02  0.379E-04  0.120E+01  0.120E+00  0.200E-05 -0.551858E+04  0.343713E+04
[105225.045] 0  497040  0.650587E+02  0.373E-04  0.120E+01  0.119E+00  0.200E-05 -0.522944E+04  0.328259E+04
[105658.059] 0  497050  0.650590E+02  0.374E-04  0.120E+01  0.119E+00  0.200E-05 -0.491985E+04  0.326122E+04
[110130.976] 0  497060  0.650594E+02  0.373E-04  0.120E+01  0.119E+00  0.200E-05 -0.471707E+04  0.322272E+04
[110603.906] 0  497070  0.650598E+02  0.380E-04  0.120E+01  0.121E+00  0.200E-05 -0.483258E+04  0.311852E+04
[111036.875] 0  497080  0.650602E+02  0.377E-04  0.120E+01  0.120E+00  0.200E-05 -0.489202E+04  0.305323E+04
[111509.753] 0  497090  0.650605E+02  0.385E-04  0.120E+01  0.122E+00  0.200E-05 -0.491679E+04  0.315613E+04
[111942.996] 0  497100  0.650609E+02  0.384E-04  0.120E+01  0.122E+00  0.200E-05 -0.502200E+04  0.332507E+04
[112415.970] 0  497110  0.650613E+02  0.375E-04  0.120E+01  0.119E+00  0.200E-05 -0.506434E+04  0.325298E+04
[112849.058] 0  497120  0.650617E+02  0.371E-04  0.120E+01  0.118E+00  0.200E-05 -0.516030E+04  0.335714E+04
[113322.277] 0  497130  0.650621E+02  0.382E-04  0.120E+01  0.121E+00  0.200E-05 -0.535748E+04  0.335322E+04
[113755.001] 0  497140  0.650624E+02  0.381E-04  0.120E+01  0.121E+00  0.200E-05 -0.528407E+04  0.322173E+04
[114228.355] 0  497150  0.650628E+02  0.388E-04  0.120E+01  0.124E+00  0.200E-05 -0.535378E+04  0.309026E+04
[114701.454] 0  497160  0.650632E+02  0.397E-04  0.120E+01  0.126E+00  0.200E-05 -0.487007E+04  0.361445E+04
[115134.694] 0  497170  0.650636E+02  0.404E-04  0.120E+01  0.128E+00  0.200E-05 -0.484135E+04  0.372196E+04
[115608.062] 0  497180  0.650640E+02  0.375E-04  0.120E+01  0.119E+00  0.200E-05 -0.500396E+04  0.332348E+04
[120041.444] 0  497190  0.650644E+02  0.356E-04  0.120E+01  0.113E+00  0.200E-05 -0.485859E+04  0.310201E+04
[120516.753] 0  497200  0.650647E+02  0.359E-04  0.120E+01  0.114E+00  0.200E-05 -0.483487E+04  0.305388E+04
