[131502.461] ###############################################################################################
[131502.463] #  Itn.    time          dt         CFL#       D#         visc       DilMin        DilMax     #
[131502.463] ###############################################################################################
[131502.464] 0  494200  0.649574E+02  0.375E-04  0.120E+01  0.119E+00  0.200E-05 -0.175798E+05  0.177469E+05
[131935.934] 0  494210  0.649577E+02  0.308E-04  0.120E+01  0.981E-01  0.200E-05 -0.544427E+04  0.346145E+04
[132409.349] 0  494220  0.649581E+02  0.343E-04  0.120E+01  0.109E+00  0.200E-05 -0.528675E+04  0.333395E+04
[132842.651] 0  494230  0.649584E+02  0.345E-04  0.120E+01  0.110E+00  0.200E-05 -0.511655E+04  0.330157E+04
[133315.857] 0  494240  0.649588E+02  0.349E-04  0.120E+01  0.111E+00  0.200E-05 -0.482899E+04  0.342852E+04
[133749.031] 0  494250  0.649591E+02  0.347E-04  0.120E+01  0.110E+00  0.200E-05 -0.469571E+04  0.364235E+04
[134222.308] 0  494260  0.649594E+02  0.331E-04  0.120E+01  0.105E+00  0.200E-05 -0.469333E+04  0.338290E+04
[134655.300] 0  494270  0.649598E+02  0.327E-04  0.120E+01  0.104E+00  0.200E-05 -0.468366E+04  0.345679E+04
[135128.503] 0  494280  0.649601E+02  0.335E-04  0.120E+01  0.107E+00  0.200E-05 -0.479569E+04  0.349508E+04
[135601.508] 0  494290  0.649604E+02  0.342E-04  0.120E+01  0.109E+00  0.200E-05 -0.504167E+04  0.330133E+04
[140034.785] 0  494300  0.649608E+02  0.360E-04  0.120E+01  0.114E+00  0.200E-05 -0.516561E+04  0.350286E+04
[140507.894] 0  494310  0.649612E+02  0.382E-04  0.120E+01  0.121E+00  0.200E-05 -0.500170E+04  0.438436E+04
[140941.262] 0  494320  0.649615E+02  0.356E-04  0.120E+01  0.113E+00  0.200E-05 -0.504798E+04  0.446371E+04
[141414.871] 0  494330  0.649619E+02  0.341E-04  0.120E+01  0.109E+00  0.200E-05 -0.511034E+04  0.364333E+04
[141848.208] 0  494340  0.649622E+02  0.342E-04  0.120E+01  0.109E+00  0.200E-05 -0.516106E+04  0.337384E+04
[142321.647] 0  494350  0.649626E+02  0.363E-04  0.120E+01  0.115E+00  0.200E-05 -0.535968E+04  0.352889E+04
[142754.518] 0  494360  0.649629E+02  0.358E-04  0.120E+01  0.114E+00  0.200E-05 -0.538011E+04  0.351116E+04
[143227.649] 0  494370  0.649633E+02  0.351E-04  0.120E+01  0.112E+00  0.200E-05 -0.537967E+04  0.343548E+04
[143700.747] 0  494380  0.649636E+02  0.350E-04  0.120E+01  0.111E+00  0.200E-05 -0.549809E+04  0.346781E+04
[144133.983] 0  494390  0.649640E+02  0.352E-04  0.120E+01  0.112E+00  0.200E-05 -0.533137E+04  0.334722E+04
[144609.776] 0  494400  0.649643E+02  0.351E-04  0.120E+01  0.112E+00  0.200E-05 -0.510050E+04  0.380522E+04
[145052.348] 0  494410  0.649647E+02  0.332E-04  0.120E+01  0.106E+00  0.200E-05 -0.482051E+04  0.414218E+04
[145525.384] 0  494420  0.649650E+02  0.337E-04  0.120E+01  0.107E+00  0.200E-05 -0.484503E+04  0.398933E+04
[145958.624] 0  494430  0.649653E+02  0.335E-04  0.120E+01  0.107E+00  0.200E-05 -0.484486E+04  0.346857E+04
[150431.288] 0  494440  0.649657E+02  0.349E-04  0.120E+01  0.111E+00  0.200E-05 -0.498050E+04  0.342286E+04
[150904.127] 0  494450  0.649660E+02  0.367E-04  0.120E+01  0.117E+00  0.200E-05 -0.513717E+04  0.338656E+04
[151337.571] 0  494460  0.649664E+02  0.362E-04  0.120E+01  0.115E+00  0.200E-05 -0.518759E+04  0.340424E+04
[151812.076] 0  494470  0.649668E+02  0.364E-04  0.120E+01  0.116E+00  0.200E-05 -0.516973E+04  0.337925E+04
[152245.928] 0  494480  0.649671E+02  0.373E-04  0.120E+01  0.119E+00  0.200E-05 -0.515674E+04  0.338019E+04
[152719.501] 0  494490  0.649675E+02  0.355E-04  0.120E+01  0.113E+00  0.200E-05 -0.497784E+04  0.340523E+04
[153152.200] 0  494500  0.649679E+02  0.340E-04  0.120E+01  0.108E+00  0.200E-05 -0.479509E+04  0.342120E+04
[153625.599] 0  494510  0.649682E+02  0.331E-04  0.120E+01  0.105E+00  0.200E-05 -0.475356E+04  0.337473E+04
[154057.916] 0  494520  0.649685E+02  0.326E-04  0.120E+01  0.104E+00  0.200E-05 -0.477869E+04  0.326785E+04
[154530.944] 0  494530  0.649688E+02  0.327E-04  0.120E+01  0.104E+00  0.200E-05 -0.484106E+04  0.330762E+04
[155003.969] 0  494540  0.649692E+02  0.335E-04  0.120E+01  0.106E+00  0.200E-05 -0.488292E+04  0.343068E+04
[155437.293] 0  494550  0.649695E+02  0.352E-04  0.120E+01  0.112E+00  0.200E-05 -0.495626E+04  0.324204E+04
[155910.355] 0  494560  0.649699E+02  0.372E-04  0.120E+01  0.118E+00  0.200E-05 -0.498535E+04  0.333426E+04
[160343.271] 0  494570  0.649702E+02  0.373E-04  0.120E+01  0.119E+00  0.200E-05 -0.497345E+04  0.328556E+04
[160816.335] 0  494580  0.649706E+02  0.387E-04  0.120E+01  0.123E+00  0.200E-05 -0.520285E+04  0.354774E+04
[161250.546] 0  494590  0.649710E+02  0.372E-04  0.120E+01  0.118E+00  0.200E-05 -0.528817E+04  0.344741E+04
[161725.945] 0  494600  0.649714E+02  0.362E-04  0.120E+01  0.115E+00  0.200E-05 -0.506683E+04  0.373255E+04
[162207.746] 0  494610  0.649717E+02  0.357E-04  0.120E+01  0.114E+00  0.200E-05 -0.506108E+04  0.460694E+04
[162640.753] 0  494620  0.649721E+02  0.353E-04  0.120E+01  0.112E+00  0.200E-05 -0.517379E+04  0.506658E+04
[163113.732] 0  494630  0.649724E+02  0.351E-04  0.120E+01  0.112E+00  0.200E-05 -0.496381E+04  0.521947E+04
[163546.994] 0  494640  0.649728E+02  0.350E-04  0.120E+01  0.111E+00  0.200E-05 -0.498554E+04  0.491171E+04
[164019.756] 0  494650  0.649731E+02  0.350E-04  0.120E+01  0.111E+00  0.200E-05 -0.493825E+04  0.523771E+04
[164452.934] 0  494660  0.649735E+02  0.351E-04  0.120E+01  0.112E+00  0.200E-05 -0.493385E+04  0.535279E+04
[164926.188] 0  494670  0.649738E+02  0.355E-04  0.120E+01  0.113E+00  0.200E-05 -0.517818E+04  0.493411E+04
[165359.458] 0  494680  0.649742E+02  0.360E-04  0.120E+01  0.114E+00  0.200E-05 -0.532474E+04  0.566566E+04
[165832.842] 0  494690  0.649746E+02  0.357E-04  0.120E+01  0.113E+00  0.200E-05 -0.530173E+04  0.571483E+04
